<?xml version="1.0" encoding="UTF-8"?>
<!-- Generated by org.testng.reporters.JUnitXMLReporter -->
<testsuite ignored="0" hostname="DESKTOP-E3LC8FD" failures="4" tests="10" name="Test" time="27.713" errors="0" timestamp="2025-07-26T22:17:24 IST">
  <testcase classname="api.testCases.UserTestCase" name="postTestCase" time="7.542"/>
  <testcase classname="api.testCases.UserTestCase" name="getUserTestCase" time="1.377">
    <failure type="junit.framework.AssertionFailedError" message="expected:&amp;lt;404&amp;gt; but was:&amp;lt;200&amp;gt;">
      <![CDATA[junit.framework.AssertionFailedError: expected:<404> but was:<200>
at junit.framework.Assert.fail(Assert.java:47)
at junit.framework.Assert.failNotEquals(Assert.java:282)
at junit.framework.Assert.assertEquals(Assert.java:64)
at junit.framework.Assert.assertEquals(Assert.java:201)
at junit.framework.Assert.assertEquals(Assert.java:207)
at api.testCases.UserTestCase.getUserTestCase(UserTestCase.java:51)
at java.base/java.util.ArrayList.forEach(ArrayList.java:1596)
... Removed 25 stack frames]]>
    </failure>
  </testcase> <!-- getUserTestCase -->
  <testcase classname="api.testCases.UserTestCase" name="updateUserTestCase" time="1.252"/>
  <testcase classname="api.testCases.UserTestCase" name="deleteUserTestCase" time="1.321"/>
  <testcase classname="api.testCases.UserTestDD" name="createUser" time="1.606"/>
  <testcase classname="api.testCases.UserTestDD" name="createUser" time="1.59"/>
  <testcase classname="api.testCases.UserTestDD" name="createUser" time="1.242"/>
  <testcase classname="api.testCases.UserTestDD" name="getUserTestCase" time="1.417">
    <failure type="junit.framework.AssertionFailedError" message="expected:&amp;lt;404&amp;gt; but was:&amp;lt;200&amp;gt;">
      <![CDATA[junit.framework.AssertionFailedError: expected:<404> but was:<200>
at junit.framework.Assert.fail(Assert.java:47)
at junit.framework.Assert.failNotEquals(Assert.java:282)
at junit.framework.Assert.assertEquals(Assert.java:64)
at junit.framework.Assert.assertEquals(Assert.java:201)
at junit.framework.Assert.assertEquals(Assert.java:207)
at api.testCases.UserTestDD.getUserTestCase(UserTestDD.java:44)
at java.base/java.util.ArrayList.forEach(ArrayList.java:1596)
... Removed 25 stack frames]]>
    </failure>
  </testcase> <!-- getUserTestCase -->
  <testcase classname="api.testCases.UserTestDD" name="getUserTestCase" time="1.799">
    <failure type="junit.framework.AssertionFailedError" message="expected:&amp;lt;404&amp;gt; but was:&amp;lt;200&amp;gt;">
      <![CDATA[junit.framework.AssertionFailedError: expected:<404> but was:<200>
at junit.framework.Assert.fail(Assert.java:47)
at junit.framework.Assert.failNotEquals(Assert.java:282)
at junit.framework.Assert.assertEquals(Assert.java:64)
at junit.framework.Assert.assertEquals(Assert.java:201)
at junit.framework.Assert.assertEquals(Assert.java:207)
at api.testCases.UserTestDD.getUserTestCase(UserTestDD.java:44)
at java.base/java.util.ArrayList.forEach(ArrayList.java:1596)
... Removed 25 stack frames]]>
    </failure>
  </testcase> <!-- getUserTestCase -->
  <testcase classname="api.testCases.UserTestDD" name="getUserTestCase" time="1.473">
    <failure type="junit.framework.AssertionFailedError" message="expected:&amp;lt;404&amp;gt; but was:&amp;lt;200&amp;gt;">
      <![CDATA[junit.framework.AssertionFailedError: expected:<404> but was:<200>
at junit.framework.Assert.fail(Assert.java:47)
at junit.framework.Assert.failNotEquals(Assert.java:282)
at junit.framework.Assert.assertEquals(Assert.java:64)
at junit.framework.Assert.assertEquals(Assert.java:201)
at junit.framework.Assert.assertEquals(Assert.java:207)
at api.testCases.UserTestDD.getUserTestCase(UserTestDD.java:44)
at java.base/java.util.ArrayList.forEach(ArrayList.java:1596)
... Removed 25 stack frames]]>
    </failure>
  </testcase> <!-- getUserTestCase -->
</testsuite> <!-- Test -->
